[${ctx:ROUTINGKEY} INFO ] 2023-01-08 08:21:18.912 LoginTests:52 - 
****** starting test:invalidPassword******

[${ctx:ROUTINGKEY} INFO ] 2023-01-08 08:21:24.128 LoginTests:52 - 
****** starting test:invalidUserName******

[${ctx:ROUTINGKEY} INFO ] 2023-01-08 08:21:28.711 LoginTests:52 - 
****** starting test:succesfulLogin******

[${ctx:ROUTINGKEY} INFO ] 2023-01-08 08:28:30.654 LoginTests:52 - 
****** starting test:invalidPassword******

[${ctx:ROUTINGKEY} INFO ] 2023-01-08 08:42:47.646 LoginTests:49 - 
****** starting test:invalidPassword******

[${ctx:ROUTINGKEY} INFO ] 2023-01-08 08:42:53.435 LoginTests:49 - 
****** starting test:invalidUserName******

[${ctx:ROUTINGKEY} INFO ] 2023-01-08 08:42:58.169 LoginTests:49 - 
****** starting test:succesfulLogin******

[${ctx:ROUTINGKEY} INFO ] 2023-01-08 08:48:25.986 LoginTests:49 - 
****** starting test:invalidPassword******

[${ctx:ROUTINGKEY} INFO ] 2023-01-08 08:54:02.649 LoginTests:49 - 
****** starting test:invalidPassword******

[${ctx:ROUTINGKEY} INFO ] 2023-01-08 08:56:16.283 LoginTests:49 - 
****** starting test:invalidPassword******

[${ctx:ROUTINGKEY} INFO ] 2023-01-08 08:56:21.287 LoginTests:49 - 
****** starting test:invalidUserName******

[${ctx:ROUTINGKEY} INFO ] 2023-01-08 08:56:25.997 LoginTests:49 - 
****** starting test:succesfulLogin******

[${ctx:ROUTINGKEY} INFO ] 2023-01-08 08:59:07.436 LoginTests:49 - 
****** starting test:invalidPassword******

[${ctx:ROUTINGKEY} INFO ] 2023-01-08 08:59:13.779 LoginTests:49 - 
****** starting test:invalidUserName******

[${ctx:ROUTINGKEY} INFO ] 2023-01-08 08:59:17.951 LoginTests:49 - 
****** starting test:succesfulLogin******

[${ctx:ROUTINGKEY} INFO ] 2023-01-08 09:09:00.600 LoginTests:49 - 
****** starting test:invalidPassword******

[${ctx:ROUTINGKEY} ERROR] 2023-01-08 09:09:04.901 TestListeners:33 - java.lang.AssertionError: expected [Username and password do not match any user in this serviceuyg.] but found [Username and password do not match any user in this service.]
	at org.testng.Assert.fail(Assert.java:110)
	at org.testng.Assert.failNotEquals(Assert.java:1413)
	at org.testng.Assert.assertEqualsImpl(Assert.java:149)
	at org.testng.Assert.assertEquals(Assert.java:131)
	at org.testng.Assert.assertEquals(Assert.java:655)
	at org.testng.Assert.assertEquals(Assert.java:665)
	at com.qa.tests.LoginTests.invalidPassword(LoginTests.java:79)
	at java.base/jdk.internal.reflect.NativeMethodAccessorImpl.invoke0(Native Method)
	at java.base/jdk.internal.reflect.NativeMethodAccessorImpl.invoke(NativeMethodAccessorImpl.java:64)
	at java.base/jdk.internal.reflect.DelegatingMethodAccessorImpl.invoke(DelegatingMethodAccessorImpl.java:43)
	at java.base/java.lang.reflect.Method.invoke(Method.java:564)
	at org.testng.internal.invokers.MethodInvocationHelper.invokeMethod(MethodInvocationHelper.java:139)
	at org.testng.internal.invokers.TestInvoker.invokeMethod(TestInvoker.java:677)
	at org.testng.internal.invokers.TestInvoker.invokeTestMethod(TestInvoker.java:221)
	at org.testng.internal.invokers.MethodRunner.runInSequence(MethodRunner.java:50)
	at org.testng.internal.invokers.TestInvoker$MethodInvocationAgent.invoke(TestInvoker.java:969)
	at org.testng.internal.invokers.TestInvoker.invokeTestMethods(TestInvoker.java:194)
	at org.testng.internal.invokers.TestMethodWorker.invokeTestMethods(TestMethodWorker.java:148)
	at org.testng.internal.invokers.TestMethodWorker.run(TestMethodWorker.java:128)
	at java.base/java.util.ArrayList.forEach(ArrayList.java:1511)
	at org.testng.TestRunner.privateRun(TestRunner.java:829)
	at org.testng.TestRunner.run(TestRunner.java:602)
	at org.testng.SuiteRunner.runTest(SuiteRunner.java:437)
	at org.testng.SuiteRunner$SuiteWorker.run(SuiteRunner.java:475)
	at org.testng.internal.thread.ThreadUtil.lambda$execute$0(ThreadUtil.java:58)
	at java.base/java.util.concurrent.FutureTask.run(FutureTask.java:264)
	at java.base/java.util.concurrent.ThreadPoolExecutor.runWorker(ThreadPoolExecutor.java:1130)
	at java.base/java.util.concurrent.ThreadPoolExecutor$Worker.run(ThreadPoolExecutor.java:630)
	at java.base/java.lang.Thread.run(Thread.java:832)

[${ctx:ROUTINGKEY} INFO ] 2023-01-08 09:09:06.282 LoginTests:49 - 
****** starting test:invalidUserName******

[${ctx:ROUTINGKEY} INFO ] 2023-01-08 09:09:10.042 LoginTests:49 - 
****** starting test:succesfulLogin******

[${ctx:ROUTINGKEY} INFO ] 2023-01-08 09:17:17.239 LoginTests:49 - 
****** starting test:invalidPassword******

[${ctx:ROUTINGKEY} INFO ] 2023-01-08 09:17:23.333 LoginTests:49 - 
****** starting test:invalidUserName******

[${ctx:ROUTINGKEY} INFO ] 2023-01-08 09:17:27.549 LoginTests:49 - 
****** starting test:succesfulLogin******

